<?xml version="1.0" encoding="UTF-8"?>
<testng-results ignored="0" total="1" passed="1" failed="0" skipped="0">
  <reporter-output>
  </reporter-output>
  <suite started-at="2024-05-24T15:53:57 IST" name="Default suite" finished-at="2024-05-24T15:54:07 IST" duration-ms="9814">
    <groups>
    </groups>
    <test started-at="2024-05-24T15:53:57 IST" name="Default test" finished-at="2024-05-24T15:54:07 IST" duration-ms="9814">
      <class name="Reports.TestScript01">
        <test-method signature="launch()[pri:0, instance:Reports.TestScript01@3f197a46]" started-at="2024-05-24T15:53:57 IST" name="launch" finished-at="2024-05-24T15:54:06 IST" duration-ms="9743" status="PASS">
          <reporter-output>
          </reporter-output>
        </test-method> <!-- launch -->
      </class> <!-- Reports.TestScript01 -->
    </test> <!-- Default test -->
  </suite> <!-- Default suite -->
</testng-results>
